2020-10-16 14:46:12 __graph_theory_limit_log__ INFO     Begin logging...
2020-10-16 14:46:12 __graph_theory_limit_log__ INFO     Analyses performed with edge weight threshold: 0.7
2020-10-16 14:46:12 __graph_theory_limit_log__ INFO     --- Analyzing Day 1 ---
2020-10-16 14:46:12 __graph_theory_limit_log__ INFO     1055-1_D1 (neurons: 46, con_A edges: 9, con_B edges: 8) all analyses successful.
2020-10-16 14:46:12 __graph_theory_limit_log__ INFO     1055-2_D1 (neurons: 165, con_A edges: 45, con_B edges: 43) all analyses successful.
2020-10-16 14:46:13 __graph_theory_limit_log__ INFO     1055-3_D1 (neurons: 122, con_A edges: 13, con_B edges: 9) all analyses successful.
2020-10-16 14:46:13 __graph_theory_limit_log__ INFO     1055-4_D1 (neurons: 93, con_A edges: 43, con_B edges: 27) all analyses successful.
2020-10-16 14:46:13 __graph_theory_limit_log__ INFO     14-0_D1 (neurons: 48, con_A edges: 5, con_B edges: 105) analyses failed: ['hub count: B'].
2020-10-16 14:46:13 __graph_theory_limit_log__ INFO     --- Analyzing Day 5 ---
2020-10-16 14:46:13 __graph_theory_limit_log__ INFO     1055-1_D5 (neurons: 54, con_A edges: 20, con_B edges: 24) all analyses successful.
2020-10-16 14:46:14 __graph_theory_limit_log__ INFO     1055-2_D5 (neurons: 156, con_A edges: 58, con_B edges: 83) all analyses successful.
2020-10-16 14:46:14 __graph_theory_limit_log__ INFO     1055-3_D5 (neurons: 68, con_A edges: 5, con_B edges: 51) all analyses successful.
2020-10-16 14:46:14 __graph_theory_limit_log__ INFO     1055-4_D5 (neurons: 100, con_A edges: 82, con_B edges: 27) all analyses successful.
2020-10-16 14:46:14 __graph_theory_limit_log__ INFO     14-0_D5 (neurons: 52, con_A edges: 41, con_B edges: 9) all analyses successful.
2020-10-16 14:46:14 __graph_theory_limit_log__ INFO     --- Analyzing Day 9 ---
2020-10-16 14:46:15 __graph_theory_limit_log__ INFO     1055-1_D9 (neurons: 49, con_A edges: 14, con_B edges: 6) all analyses successful.
2020-10-16 14:46:15 __graph_theory_limit_log__ INFO     1055-2_D9 (neurons: 142, con_A edges: 87, con_B edges: 49) all analyses successful.
2020-10-16 14:46:15 __graph_theory_limit_log__ INFO     1055-3_D9 (neurons: 111, con_A edges: 11, con_B edges: 18) all analyses successful.
2020-10-16 14:46:16 __graph_theory_limit_log__ INFO     1055-4_D9 (neurons: 107, con_A edges: 46, con_B edges: 58) all analyses successful.
2020-10-16 14:46:16 __graph_theory_limit_log__ INFO     14-0_D9 (neurons: 79, con_A edges: 145, con_B edges: 10) analyses failed: ['hub count: A'].
2020-10-16 14:46:16 __graph_theory_limit_log__ INFO     End logging.
