2020-10-16 14:44:49 __graph_theory_limit_log__ INFO     Begin logging...
2020-10-16 14:44:49 __graph_theory_limit_log__ INFO     Analyses performed with edge weight threshold: 0.35
2020-10-16 14:44:49 __graph_theory_limit_log__ INFO     --- Analyzing Day 1 ---
2020-10-16 14:44:49 __graph_theory_limit_log__ INFO     1055-1_D1 (neurons: 46, con_A edges: 40, con_B edges: 40) all analyses successful.
2020-10-16 14:44:50 __graph_theory_limit_log__ INFO     1055-2_D1 (neurons: 165, con_A edges: 597, con_B edges: 559) analyses failed: ['hub count: A', 'hub count: B'].
2020-10-16 14:44:50 __graph_theory_limit_log__ INFO     1055-3_D1 (neurons: 122, con_A edges: 112, con_B edges: 109) all analyses successful.
2020-10-16 14:44:50 __graph_theory_limit_log__ INFO     1055-4_D1 (neurons: 93, con_A edges: 190, con_B edges: 126) all analyses successful.
2020-10-16 14:44:51 __graph_theory_limit_log__ INFO     14-0_D1 (neurons: 48, con_A edges: 25, con_B edges: 134) analyses failed: ['hub count: B'].
2020-10-16 14:44:51 __graph_theory_limit_log__ INFO     --- Analyzing Day 5 ---
2020-10-16 14:44:51 __graph_theory_limit_log__ INFO     1055-1_D5 (neurons: 54, con_A edges: 54, con_B edges: 60) all analyses successful.
2020-10-16 14:44:51 __graph_theory_limit_log__ INFO     1055-2_D5 (neurons: 156, con_A edges: 513, con_B edges: 632) analyses failed: ['hub count: A', 'hub count: B'].
2020-10-16 14:44:51 __graph_theory_limit_log__ INFO     1055-3_D5 (neurons: 68, con_A edges: 65, con_B edges: 115) analyses failed: ['hub count: B'].
2020-10-16 14:44:52 __graph_theory_limit_log__ INFO     1055-4_D5 (neurons: 100, con_A edges: 312, con_B edges: 182) analyses failed: ['hub count: A'].
2020-10-16 14:44:52 __graph_theory_limit_log__ INFO     14-0_D5 (neurons: 52, con_A edges: 59, con_B edges: 30) all analyses successful.
2020-10-16 14:44:52 __graph_theory_limit_log__ INFO     --- Analyzing Day 9 ---
2020-10-16 14:44:52 __graph_theory_limit_log__ INFO     1055-1_D9 (neurons: 49, con_A edges: 41, con_B edges: 60) all analyses successful.
2020-10-16 14:44:52 __graph_theory_limit_log__ INFO     1055-2_D9 (neurons: 142, con_A edges: 467, con_B edges: 421) analyses failed: ['hub count: A', 'hub count: B'].
2020-10-16 14:44:53 __graph_theory_limit_log__ INFO     1055-3_D9 (neurons: 111, con_A edges: 83, con_B edges: 100) all analyses successful.
2020-10-16 14:44:53 __graph_theory_limit_log__ INFO     1055-4_D9 (neurons: 107, con_A edges: 152, con_B edges: 212) analyses failed: ['hub count: B'].
2020-10-16 14:44:53 __graph_theory_limit_log__ INFO     14-0_D9 (neurons: 79, con_A edges: 257, con_B edges: 53) analyses failed: ['hub count: A'].
2020-10-16 14:44:53 __graph_theory_limit_log__ INFO     End logging.
